Exception in thread "main" java.lang.OutOfMemoryError: Java heap space
	at java.util.Arrays.copyOf(Arrays.java:3332)
	at java.lang.AbstractStringBuilder.ensureCapacityInternal(AbstractStringBuilder.java:124)
	at java.lang.AbstractStringBuilder.append(AbstractStringBuilder.java:596)
	at java.lang.StringBuffer.append(StringBuffer.java:367)
	at nu.xom.XOMHandler.characters(Unknown Source)
	at org.apache.xerces.parsers.AbstractSAXParser.characters(Unknown Source)
	at org.apache.xerces.impl.XMLNamespaceBinder.characters(Unknown Source)
	at org.apache.xerces.impl.dtd.XMLDTDValidator.characters(Unknown Source)
	at org.apache.xerces.impl.XMLDocumentFragmentScannerImpl.scanContent(Unknown Source)
	at org.apache.xerces.impl.XMLDocumentFragmentScannerImpl$FragmentContentDispatcher.dispatch(Unknown Source)
	at org.apache.xerces.impl.XMLDocumentFragmentScannerImpl.scanDocument(Unknown Source)
	at org.apache.xerces.parsers.DTDConfiguration.parse(Unknown Source)
	at org.apache.xerces.parsers.DTDConfiguration.parse(Unknown Source)
	at org.apache.xerces.parsers.XMLParser.parse(Unknown Source)
	at org.apache.xerces.parsers.AbstractSAXParser.parse(Unknown Source)
	at nu.xom.Builder.build(Unknown Source)
	at nu.xom.Builder.build(Unknown Source)
	at net.sf.json.xml.XMLSerializer.read(XMLSerializer.java:309)
	at net.sf.json.xml.XMLSerializer.readFromStream(XMLSerializer.java:391)
	at de.rub.xjcc.jsonlib.App.main(App.java:40)
