DEBUG:xjcc.plugins:Trying to load entrypoint 'jsonlib'...
DEBUG:xjcc.plugins:Requested file path: '/data/.cache/Python-Eggs/xjcc_jsonlib-0.1.0-py3.5.egg-tmp/xjcc_jsonlib/jsonlib/target/jsonlib.jar'
INFO:xjcc.plugins:Entrypoint 'jsonlib' loaded.
DEBUG:xjcc.plugins:Trying to load entrypoint 'jsonml'...
DEBUG:xjcc.plugins:Requested file path: '/data/.cache/Python-Eggs/xjcc_jsonml-0.1.0-py3.5.egg-tmp/xjcc_jsonml/converter.js'
DEBUG:xjcc_jsonml:NODE_PATH = '/usr/local/lib/node_modules'
INFO:xjcc.plugins:Entrypoint 'jsonml' loaded.
DEBUG:xjcc.plugins:Trying to load entrypoint 'jsonmlpatched'...
DEBUG:xjcc.plugins:Requested file path: '/data/.cache/Python-Eggs/xjcc_jsonml-0.1.0-py3.5.egg-tmp/xjcc_jsonml/converter.js'
DEBUG:xjcc_jsonml:NODE_PATH = '/usr/local/lib/node_modules'
INFO:xjcc.plugins:Entrypoint 'jsonmlpatched' loaded.
DEBUG:xjcc.plugins:Trying to load entrypoint 'jxon'...
DEBUG:xjcc.plugins:Requested file path: '/data/.cache/Python-Eggs/xjcc_jxon-0.1.0-py3.5.egg-tmp/xjcc_jxon/converter.js'
DEBUG:xjcc_jxon:NODE_PATH = '/usr/local/lib/node_modules'
INFO:xjcc.plugins:Entrypoint 'jxon' loaded.
DEBUG:xjcc.plugins:Trying to load entrypoint 'orgjsonxml'...
DEBUG:xjcc.plugins:Requested file path: '/data/.cache/Python-Eggs/xjcc_orgjsonxml-0.1.0-py3.5.egg-tmp/xjcc_orgjsonxml/orgjsonxml/target/orgjsonxml.jar'
INFO:xjcc.plugins:Entrypoint 'orgjsonxml' loaded.
DEBUG:xjcc.plugins:Trying to load entrypoint 'pesterfish'...
INFO:xjcc.plugins:Entrypoint 'pesterfish' loaded.
DEBUG:xjcc.plugins:Trying to load entrypoint 'pesterfishdefused'...
INFO:xjcc.plugins:Entrypoint 'pesterfishdefused' loaded.
DEBUG:xjcc.plugins:Trying to load entrypoint 'x2js'...
DEBUG:xjcc.plugins:Requested file path: '/data/.cache/Python-Eggs/xjcc_x2js-0.1.0-py3.5.egg-tmp/xjcc_x2js/converter.js'
DEBUG:xjcc_x2js:NODE_PATH = '/usr/local/lib/node_modules'
INFO:xjcc.plugins:Entrypoint 'x2js' loaded.
DEBUG:xjcc.plugins:Trying to load entrypoint 'x2jsabdmob'...
DEBUG:xjcc.plugins:Requested file path: '/data/.cache/Python-Eggs/xjcc_x2jsabdmob-0.1.0-py3.5.egg-tmp/xjcc_x2jsabdmob/converter.js'
DEBUG:xjcc_x2jsabdmob:NODE_PATH = '/usr/local/lib/node_modules'
INFO:xjcc.plugins:Entrypoint 'x2jsabdmob' loaded.
DEBUG:xjcc.plugins:Trying to load entrypoint 'xmljson-parker'...
INFO:xjcc.plugins:Entrypoint 'xmljson-parker' loaded.
DEBUG:xjcc.plugins:Trying to load entrypoint 'xmljson-yahoo'...
INFO:xjcc.plugins:Entrypoint 'xmljson-yahoo' loaded.
DEBUG:xjcc.plugins:Trying to load entrypoint 'xmljson-cobra'...
INFO:xjcc.plugins:Entrypoint 'xmljson-cobra' loaded.
DEBUG:xjcc.plugins:Trying to load entrypoint 'xmljson-badgerfish'...
INFO:xjcc.plugins:Entrypoint 'xmljson-badgerfish' loaded.
DEBUG:xjcc.plugins:Trying to load entrypoint 'xmljson-abdera'...
INFO:xjcc.plugins:Entrypoint 'xmljson-abdera' loaded.
DEBUG:xjcc.plugins:Trying to load entrypoint 'xmljson-gdata'...
INFO:xjcc.plugins:Entrypoint 'xmljson-gdata' loaded.
DEBUG:xjcc.plugins:Trying to load entrypoint 'cobravsmongoose'...
DEBUG:xjcc.plugins:Requested file path: '/data/.cache/Python-Eggs/xjcc_cobravsmongoose-0.1.0-py3.5.egg-tmp/xjcc_cobravsmongoose/converter.rb'
INFO:xjcc.plugins:Entrypoint 'cobravsmongoose' loaded.
DEBUG:xjcc.plugins:Trying to load entrypoint 'greencapexml'...
DEBUG:xjcc.plugins:Requested file path: '/data/.cache/Python-Eggs/xjcc_greencapexml-0.1.0-py3.5.egg-tmp/xjcc_greencapexml/converter.php'
DEBUG:xjcc_greencapexml:COMPOSER_HOME = '/user/local/share/composer_home'
INFO:xjcc.plugins:Entrypoint 'greencapexml' loaded.
DEBUG:xjcc.plugins:Trying to load entrypoint 'newtonsoftjson'...
DEBUG:xjcc.plugins:Requested file path: '/data/.cache/Python-Eggs/xjcc_newtonsoftjson-0.1.0-py3.5.egg-tmp/xjcc_newtonsoftjson/converter.exe'
INFO:xjcc.plugins:Entrypoint 'newtonsoftjson' loaded.
DEBUG:xjcc.plugins:Invoking: node /data/.cache/Python-Eggs/xjcc_x2jsabdmob-0.1.0-py3.5.egg-tmp/xjcc_x2jsabdmob/converter.js
DEBUG:xjcc.plugins:Input read: 65536 chars / 65536 bytes (last chunk: 65536 chars / 65536 bytes)
DEBUG:xjcc.plugins:Input read: 131072 chars / 131072 bytes (last chunk: 65536 chars / 65536 bytes)
DEBUG:xjcc.plugins:Input read: 196608 chars / 196608 bytes (last chunk: 65536 chars / 65536 bytes)
DEBUG:xjcc.plugins:Input read: 262043 chars / 262144 bytes (last chunk: 65435 chars / 65536 bytes)
DEBUG:xjcc.plugins:Input read: 327491 chars / 327680 bytes (last chunk: 65448 chars / 65536 bytes)
DEBUG:xjcc.plugins:Input read: 392925 chars / 393216 bytes (last chunk: 65434 chars / 65536 bytes)
DEBUG:xjcc.plugins:Input read: 458394 chars / 458752 bytes (last chunk: 65469 chars / 65536 bytes)
DEBUG:xjcc.plugins:Input read: 523832 chars / 524288 bytes (last chunk: 65438 chars / 65536 bytes)
DEBUG:xjcc.plugins:Input read: 589271 chars / 589824 bytes (last chunk: 65439 chars / 65536 bytes)
DEBUG:xjcc.plugins:Input read: 654744 chars / 655360 bytes (last chunk: 65473 chars / 65536 bytes)
DEBUG:xjcc.plugins:Input read: 720163 chars / 720896 bytes (last chunk: 65419 chars / 65536 bytes)
DEBUG:xjcc.plugins:Input read: 785610 chars / 786432 bytes (last chunk: 65447 chars / 65536 bytes)
DEBUG:xjcc.plugins:Input read: 851082 chars / 851968 bytes (last chunk: 65472 chars / 65536 bytes)
DEBUG:xjcc.plugins:Input read: 916518 chars / 917504 bytes (last chunk: 65436 chars / 65536 bytes)
DEBUG:xjcc.plugins:Input read: 981982 chars / 983040 bytes (last chunk: 65464 chars / 65536 bytes)
DEBUG:xjcc.plugins:Input read: 1047438 chars / 1048576 bytes (last chunk: 65456 chars / 65536 bytes)
DEBUG:xjcc.plugins:Input read: 1112875 chars / 1114112 bytes (last chunk: 65437 chars / 65536 bytes)
DEBUG:xjcc.plugins:Input read: 1178340 chars / 1179648 bytes (last chunk: 65465 chars / 65536 bytes)
DEBUG:xjcc.plugins:Input read: 1243779 chars / 1245184 bytes (last chunk: 65439 chars / 65536 bytes)
DEBUG:xjcc.plugins:Input read: 1309206 chars / 1310720 bytes (last chunk: 65427 chars / 65536 bytes)
DEBUG:xjcc.plugins:Input read: 1374681 chars / 1376256 bytes (last chunk: 65475 chars / 65536 bytes)
DEBUG:xjcc.plugins:Input read: 1440111 chars / 1441792 bytes (last chunk: 65430 chars / 65536 bytes)
DEBUG:xjcc.plugins:Input read: 1505538 chars / 1507328 bytes (last chunk: 65427 chars / 65536 bytes)
DEBUG:xjcc.plugins:Input read: 1571033 chars / 1572864 bytes (last chunk: 65495 chars / 65536 bytes)
DEBUG:xjcc.plugins:Input read: 1636506 chars / 1638400 bytes (last chunk: 65473 chars / 65536 bytes)
DEBUG:xjcc.plugins:Input read: 1701979 chars / 1703936 bytes (last chunk: 65473 chars / 65536 bytes)
DEBUG:xjcc.plugins:Input read: 1767445 chars / 1769472 bytes (last chunk: 65466 chars / 65536 bytes)
DEBUG:xjcc.plugins:Input read: 1832939 chars / 1835008 bytes (last chunk: 65494 chars / 65536 bytes)
DEBUG:xjcc.plugins:Input read: 1898413 chars / 1900544 bytes (last chunk: 65474 chars / 65536 bytes)
DEBUG:xjcc.plugins:Input read: 1963949 chars / 1966080 bytes (last chunk: 65536 chars / 65536 bytes)
DEBUG:xjcc.plugins:Input read: 2029425 chars / 2031616 bytes (last chunk: 65476 chars / 65536 bytes)
DEBUG:xjcc.plugins:Input read: 2094961 chars / 2097152 bytes (last chunk: 65536 chars / 65536 bytes)
DEBUG:xjcc.plugins:Input read: 2160497 chars / 2162688 bytes (last chunk: 65536 chars / 65536 bytes)
DEBUG:xjcc.plugins:Input read: 2226033 chars / 2228224 bytes (last chunk: 65536 chars / 65536 bytes)
DEBUG:xjcc.plugins:Input read: 2291566 chars / 2293760 bytes (last chunk: 65533 chars / 65536 bytes)
DEBUG:xjcc.plugins:Input read: 2357102 chars / 2359296 bytes (last chunk: 65536 chars / 65536 bytes)
DEBUG:xjcc.plugins:Input read: 2422558 chars / 2424832 bytes (last chunk: 65456 chars / 65536 bytes)
DEBUG:xjcc.plugins:Input read: 2487988 chars / 2490368 bytes (last chunk: 65430 chars / 65536 bytes)
DEBUG:xjcc.plugins:Input read: 2553524 chars / 2555904 bytes (last chunk: 65536 chars / 65536 bytes)
DEBUG:xjcc.plugins:Input read: 2563173 chars / 2565553 bytes (last chunk: 9649 chars / 9649 bytes)
DEBUG:xjcc.plugins:Total input read: 2563173 chars / 2565553 bytes
DEBUG:xjcc.plugins:Input is quite big, this may take a while...
DEBUG:xjcc.plugins:Process ended with status 0
